<?xml version="1.0" encoding="UTF-8"?>
<testng-results ignored="0" total="1" passed="1" failed="0" skipped="0">
  <reporter-output>
  </reporter-output>
  <suite started-at="2024-03-13T13:13:13 IST" name="Default suite" finished-at="2024-03-13T13:13:14 IST" duration-ms="999">
    <groups>
    </groups>
    <test started-at="2024-03-13T13:13:13 IST" name="Default test" finished-at="2024-03-13T13:13:14 IST" duration-ms="999">
      <class name="com.test.Database_Testing.Section_WidthHeight">
        <test-method signature="testDB()[pri:0, instance:com.test.Database_Testing.Section_WidthHeight@56cdfb3b]" started-at="2024-03-13T13:13:13 IST" name="testDB" finished-at="2024-03-13T13:13:14 IST" duration-ms="969" status="PASS">
          <reporter-output>
          </reporter-output>
        </test-method> <!-- testDB -->
      </class> <!-- com.test.Database_Testing.Section_WidthHeight -->
    </test> <!-- Default test -->
  </suite> <!-- Default suite -->
</testng-results>
